[debug] [2018-08-29T12:10:12.917Z] ----------------------------------------------------------------------
[debug] [2018-08-29T12:10:12.919Z] Command:       C:\Program Files\nodejs\node.exe C:\Users\Hector\AppData\Roaming\npm\node_modules\firebase-tools\bin\firebase login
[debug] [2018-08-29T12:10:12.919Z] CLI Version:   4.2.1
[debug] [2018-08-29T12:10:12.919Z] Platform:      win32
[debug] [2018-08-29T12:10:12.919Z] Node Version:  v10.5.0
[debug] [2018-08-29T12:10:12.920Z] Time:          Wed Aug 29 2018 20:10:12 GMT+0800 (China Standard Time)
[debug] [2018-08-29T12:10:12.920Z] ----------------------------------------------------------------------
[debug] 
[info] 
[info] Visit this URL on any device to log in:
[info] https://accounts.google.com/o/oauth2/auth?client_id=563584335869-fgrhgmd47bqnekij5i8b5pr03ho849e6.apps.googleusercontent.com&scope=email%20openid%20https%3A%2F%2Fwww.googleapis.com%2Fauth%2Fcloudplatformprojects.readonly%20https%3A%2F%2Fwww.googleapis.com%2Fauth%2Ffirebase%20https%3A%2F%2Fwww.googleapis.com%2Fauth%2Fcloud-platform&response_type=code&state=516602087&redirect_uri=http%3A%2F%2Flocalhost%3A9005
[info] 
[info] Waiting for authentication...
[debug] [2018-08-29T12:13:24.753Z] >>> HTTP REQUEST POST https://accounts.google.com/o/oauth2/token  

[debug] [2018-08-29T12:13:45.779Z] Token Fetch Error: Error
    at new FirebaseError (C:\Users\Hector\AppData\Roaming\npm\node_modules\firebase-tools\lib\error.js:11:16)
    at Request._callback (C:\Users\Hector\AppData\Roaming\npm\node_modules\firebase-tools\lib\api.js:34:11)
    at self.callback (C:\Users\Hector\AppData\Roaming\npm\node_modules\firebase-tools\node_modules\request\request.js:185:22)
    at Request.emit (events.js:182:13)
    at Request.EventEmitter.emit (domain.js:442:20)
    at Request.onRequestError (C:\Users\Hector\AppData\Roaming\npm\node_modules\firebase-tools\node_modules\request\request.js:881:8)
    at ClientRequest.emit (events.js:182:13)
    at ClientRequest.EventEmitter.emit (domain.js:442:20)
    at TLSSocket.socketErrorListener (_http_client.js:382:9)
    at TLSSocket.emit (events.js:182:13)
